<?xml version="1.0" encoding="UTF-8"?>
<testsuite name="com.tourguide.attraction.TourGuideAttractionApplicationTests" tests="1" skipped="0" failures="0" errors="0" timestamp="2022-01-28T21:42:32" hostname="iMac-de-Admin.local" time="0.007">
  <properties/>
  <testcase name="contextLoads()" classname="com.tourguide.attraction.TourGuideAttractionApplicationTests" time="0.007"/>
  <system-out><![CDATA[2022-01-28 22:42:32.855  INFO 685 --- [    Test worker] .b.t.c.SpringBootTestContextBootstrapper : Neither @ContextConfiguration nor @ContextHierarchy found for test class [com.tourguide.attraction.TourGuideAttractionApplicationTests], using SpringBootContextLoader
2022-01-28 22:42:32.857  INFO 685 --- [    Test worker] o.s.t.c.support.AbstractContextLoader    : Could not detect default resource locations for test class [com.tourguide.attraction.TourGuideAttractionApplicationTests]: no resource found for suffixes {-context.xml, Context.groovy}.
2022-01-28 22:42:32.857  INFO 685 --- [    Test worker] t.c.s.AnnotationConfigContextLoaderUtils : Could not detect default configuration classes for test class [com.tourguide.attraction.TourGuideAttractionApplicationTests]: TourGuideAttractionApplicationTests does not declare any static, non-private, non-final, nested classes annotated with @Configuration.
2022-01-28 22:42:32.861  INFO 685 --- [    Test worker] .b.t.c.SpringBootTestContextBootstrapper : Found @SpringBootConfiguration com.tourguide.attraction.TourGuideAttractionApplication for test class com.tourguide.attraction.TourGuideAttractionApplicationTests
2022-01-28 22:42:32.865  INFO 685 --- [    Test worker] .b.t.c.SpringBootTestContextBootstrapper : Loaded default TestExecutionListener class names from location [META-INF/spring.factories]: [org.springframework.boot.test.autoconfigure.restdocs.RestDocsTestExecutionListener, org.springframework.boot.test.autoconfigure.web.client.MockRestServiceServerResetTestExecutionListener, org.springframework.boot.test.autoconfigure.web.servlet.MockMvcPrintOnlyOnFailureTestExecutionListener, org.springframework.boot.test.autoconfigure.web.servlet.WebDriverTestExecutionListener, org.springframework.boot.test.autoconfigure.webservices.client.MockWebServiceServerTestExecutionListener, org.springframework.boot.test.mock.mockito.MockitoTestExecutionListener, org.springframework.boot.test.mock.mockito.ResetMocksTestExecutionListener, org.springframework.test.context.web.ServletTestExecutionListener, org.springframework.test.context.support.DirtiesContextBeforeModesTestExecutionListener, org.springframework.test.context.event.ApplicationEventsTestExecutionListener, org.springframework.test.context.support.DependencyInjectionTestExecutionListener, org.springframework.test.context.support.DirtiesContextTestExecutionListener, org.springframework.test.context.transaction.TransactionalTestExecutionListener, org.springframework.test.context.jdbc.SqlScriptsTestExecutionListener, org.springframework.test.context.event.EventPublishingTestExecutionListener]
2022-01-28 22:42:32.868  INFO 685 --- [    Test worker] .b.t.c.SpringBootTestContextBootstrapper : Using TestExecutionListeners: [org.springframework.test.context.web.ServletTestExecutionListener@4834ccb9, org.springframework.test.context.support.DirtiesContextBeforeModesTestExecutionListener@e79754c, org.springframework.test.context.event.ApplicationEventsTestExecutionListener@72530b58, org.springframework.boot.test.mock.mockito.MockitoTestExecutionListener@35668f54, org.springframework.boot.test.autoconfigure.SpringBootDependencyInjectionTestExecutionListener@5bd9cc45, org.springframework.test.context.support.DirtiesContextTestExecutionListener@1e4f0167, org.springframework.test.context.transaction.TransactionalTestExecutionListener@74acc03d, org.springframework.test.context.jdbc.SqlScriptsTestExecutionListener@7531edd3, org.springframework.test.context.event.EventPublishingTestExecutionListener@601fbcd4, org.springframework.boot.test.autoconfigure.restdocs.RestDocsTestExecutionListener@63ddd89, org.springframework.boot.test.autoconfigure.web.client.MockRestServiceServerResetTestExecutionListener@1402485b, org.springframework.boot.test.autoconfigure.web.servlet.MockMvcPrintOnlyOnFailureTestExecutionListener@6ea7607d, org.springframework.boot.test.autoconfigure.web.servlet.WebDriverTestExecutionListener@73439861, org.springframework.boot.test.autoconfigure.webservices.client.MockWebServiceServerTestExecutionListener@1bfac215, org.springframework.boot.test.mock.mockito.ResetMocksTestExecutionListener@1dbc01a1]
]]></system-out>
  <system-err><![CDATA[]]></system-err>
</testsuite>
