<?xml version="1.0" encoding="UTF-8"?>
<testsuite name="com.tourguide.attraction.ModelTest" tests="6" skipped="0" failures="0" errors="0" timestamp="2022-01-28T21:42:27" hostname="iMac-de-Admin.local" time="1.138">
  <properties/>
  <testcase name="setRewardTest()" classname="com.tourguide.attraction.ModelTest" time="1.024"/>
  <testcase name="getVisitedLocationTest()" classname="com.tourguide.attraction.ModelTest" time="0.02"/>
  <testcase name="setAttractionTest()" classname="com.tourguide.attraction.ModelTest" time="0.055"/>
  <testcase name="getAttractionTest()" classname="com.tourguide.attraction.ModelTest" time="0.006"/>
  <testcase name="setVisitedLocationTest()" classname="com.tourguide.attraction.ModelTest" time="0.006"/>
  <testcase name="getRewardTest()" classname="com.tourguide.attraction.ModelTest" time="0.009"/>
  <system-out><![CDATA[22:42:09.664 [Test worker] DEBUG org.springframework.test.context.BootstrapUtils - Instantiating CacheAwareContextLoaderDelegate from class [org.springframework.test.context.cache.DefaultCacheAwareContextLoaderDelegate]
22:42:09.688 [Test worker] DEBUG org.springframework.test.context.BootstrapUtils - Instantiating BootstrapContext using constructor [public org.springframework.test.context.support.DefaultBootstrapContext(java.lang.Class,org.springframework.test.context.CacheAwareContextLoaderDelegate)]
22:42:09.767 [Test worker] DEBUG org.springframework.test.context.BootstrapUtils - Instantiating TestContextBootstrapper for test class [com.tourguide.attraction.ModelTest] from class [org.springframework.boot.test.context.SpringBootTestContextBootstrapper]
22:42:09.787 [Test worker] INFO org.springframework.boot.test.context.SpringBootTestContextBootstrapper - Neither @ContextConfiguration nor @ContextHierarchy found for test class [com.tourguide.attraction.ModelTest], using SpringBootContextLoader
22:42:09.797 [Test worker] DEBUG org.springframework.test.context.support.AbstractContextLoader - Did not detect default resource location for test class [com.tourguide.attraction.ModelTest]: class path resource [com/tourguide/attraction/ModelTest-context.xml] does not exist
22:42:09.799 [Test worker] DEBUG org.springframework.test.context.support.AbstractContextLoader - Did not detect default resource location for test class [com.tourguide.attraction.ModelTest]: class path resource [com/tourguide/attraction/ModelTestContext.groovy] does not exist
22:42:09.799 [Test worker] INFO org.springframework.test.context.support.AbstractContextLoader - Could not detect default resource locations for test class [com.tourguide.attraction.ModelTest]: no resource found for suffixes {-context.xml, Context.groovy}.
22:42:09.801 [Test worker] INFO org.springframework.test.context.support.AnnotationConfigContextLoaderUtils - Could not detect default configuration classes for test class [com.tourguide.attraction.ModelTest]: ModelTest does not declare any static, non-private, non-final, nested classes annotated with @Configuration.
22:42:09.881 [Test worker] DEBUG org.springframework.test.context.support.ActiveProfilesUtils - Could not find an 'annotation declaring class' for annotation type [org.springframework.test.context.ActiveProfiles] and class [com.tourguide.attraction.ModelTest]
22:42:10.041 [Test worker] DEBUG org.springframework.context.annotation.ClassPathScanningCandidateComponentProvider - Identified candidate component class: file [/Users/mac/Desktop/OC/eclipse-workplace/TourGuideAttraction/build/classes/java/main/com/tourguide/attraction/TourGuideAttractionApplication.class]
22:42:10.043 [Test worker] INFO org.springframework.boot.test.context.SpringBootTestContextBootstrapper - Found @SpringBootConfiguration com.tourguide.attraction.TourGuideAttractionApplication for test class com.tourguide.attraction.ModelTest
22:42:10.246 [Test worker] DEBUG org.springframework.boot.test.context.SpringBootTestContextBootstrapper - @TestExecutionListeners is not present for class [com.tourguide.attraction.ModelTest]: using defaults.
22:42:10.248 [Test worker] INFO org.springframework.boot.test.context.SpringBootTestContextBootstrapper - Loaded default TestExecutionListener class names from location [META-INF/spring.factories]: [org.springframework.boot.test.autoconfigure.restdocs.RestDocsTestExecutionListener, org.springframework.boot.test.autoconfigure.web.client.MockRestServiceServerResetTestExecutionListener, org.springframework.boot.test.autoconfigure.web.servlet.MockMvcPrintOnlyOnFailureTestExecutionListener, org.springframework.boot.test.autoconfigure.web.servlet.WebDriverTestExecutionListener, org.springframework.boot.test.autoconfigure.webservices.client.MockWebServiceServerTestExecutionListener, org.springframework.boot.test.mock.mockito.MockitoTestExecutionListener, org.springframework.boot.test.mock.mockito.ResetMocksTestExecutionListener, org.springframework.test.context.web.ServletTestExecutionListener, org.springframework.test.context.support.DirtiesContextBeforeModesTestExecutionListener, org.springframework.test.context.event.ApplicationEventsTestExecutionListener, org.springframework.test.context.support.DependencyInjectionTestExecutionListener, org.springframework.test.context.support.DirtiesContextTestExecutionListener, org.springframework.test.context.transaction.TransactionalTestExecutionListener, org.springframework.test.context.jdbc.SqlScriptsTestExecutionListener, org.springframework.test.context.event.EventPublishingTestExecutionListener]
22:42:10.296 [Test worker] INFO org.springframework.boot.test.context.SpringBootTestContextBootstrapper - Using TestExecutionListeners: [org.springframework.test.context.web.ServletTestExecutionListener@221961af, org.springframework.test.context.support.DirtiesContextBeforeModesTestExecutionListener@32ddcca, org.springframework.test.context.event.ApplicationEventsTestExecutionListener@1ddc8fc, org.springframework.boot.test.mock.mockito.MockitoTestExecutionListener@77d58f3a, org.springframework.boot.test.autoconfigure.SpringBootDependencyInjectionTestExecutionListener@1e288c76, org.springframework.test.context.support.DirtiesContextTestExecutionListener@738ed8f5, org.springframework.test.context.transaction.TransactionalTestExecutionListener@1cfb7450, org.springframework.test.context.jdbc.SqlScriptsTestExecutionListener@478c84aa, org.springframework.test.context.event.EventPublishingTestExecutionListener@1d1deb11, org.springframework.boot.test.autoconfigure.restdocs.RestDocsTestExecutionListener@18d1d137, org.springframework.boot.test.autoconfigure.web.client.MockRestServiceServerResetTestExecutionListener@5f4f6f89, org.springframework.boot.test.autoconfigure.web.servlet.MockMvcPrintOnlyOnFailureTestExecutionListener@7c45191e, org.springframework.boot.test.autoconfigure.web.servlet.WebDriverTestExecutionListener@ef220e4, org.springframework.boot.test.autoconfigure.webservices.client.MockWebServiceServerTestExecutionListener@18bc1064, org.springframework.boot.test.mock.mockito.ResetMocksTestExecutionListener@3cab07dd]
22:42:10.304 [Test worker] DEBUG org.springframework.test.context.support.AbstractDirtiesContextTestExecutionListener - Before test class: context [DefaultTestContext@70ad0854 testClass = ModelTest, testInstance = [null], testMethod = [null], testException = [null], mergedContextConfiguration = [WebMergedContextConfiguration@76208b80 testClass = ModelTest, locations = '{}', classes = '{class com.tourguide.attraction.TourGuideAttractionApplication}', contextInitializerClasses = '[]', activeProfiles = '{}', propertySourceLocations = '{}', propertySourceProperties = '{org.springframework.boot.test.context.SpringBootTestContextBootstrapper=true}', contextCustomizers = set[org.springframework.boot.test.autoconfigure.actuate.metrics.MetricsExportContextCustomizerFactory$DisableMetricExportContextCustomizer@6775c0d1, org.springframework.boot.test.autoconfigure.properties.PropertyMappingContextCustomizer@0, org.springframework.boot.test.autoconfigure.web.servlet.WebDriverContextCustomizerFactory$Customizer@60dcf9ec, org.springframework.boot.test.context.filter.ExcludeFilterContextCustomizer@72a7aa4f, org.springframework.boot.test.json.DuplicateJsonObjectContextCustomizerFactory$DuplicateJsonObjectContextCustomizer@1152900, org.springframework.boot.test.mock.mockito.MockitoContextCustomizer@0, org.springframework.boot.test.web.client.TestRestTemplateContextCustomizer@7af0d91b, org.springframework.boot.test.context.SpringBootTestArgs@1, org.springframework.boot.test.context.SpringBootTestWebEnvironment@764cba], resourceBasePath = 'src/main/webapp', contextLoader = 'org.springframework.boot.test.context.SpringBootContextLoader', parent = [null]], attributes = map['org.springframework.test.context.web.ServletTestExecutionListener.activateListener' -> true]], class annotated with @DirtiesContext [false] with mode [null].
22:42:10.421 [Test worker] DEBUG org.springframework.boot.ApplicationServletEnvironment - Activating profiles []
22:42:10.423 [Test worker] DEBUG org.springframework.test.context.support.TestPropertySourceUtils - Adding inlined properties to environment: {spring.jmx.enabled=false, org.springframework.boot.test.context.SpringBootTestContextBootstrapper=true}

  .   ____          _            __ _ _
 /\\ / ___'_ __ _ _(_)_ __  __ _ \ \ \ \
( ( )\___ | '_ | '_| | '_ \/ _` | \ \ \ \
 \\/  ___)| |_)| | | | | || (_| |  ) ) ) )
  '  |____| .__|_| |_|_| |_\__, | / / / /
 =========|_|==============|___/=/_/_/_/
 :: Spring Boot ::                (v2.6.2)

2022-01-28 22:42:10.993  INFO 685 --- [    Test worker] com.tourguide.attraction.ModelTest       : Starting ModelTest using Java 11.0.9.1 on iMac-de-Admin.local with PID 685 (started by mac in /Users/mac/Desktop/OC/eclipse-workplace/TourGuideAttraction)
2022-01-28 22:42:10.995  INFO 685 --- [    Test worker] com.tourguide.attraction.ModelTest       : No active profile set, falling back to default profiles: default
2022-01-28 22:42:12.356  INFO 685 --- [    Test worker] .s.d.r.c.RepositoryConfigurationDelegate : Bootstrapping Spring Data JPA repositories in DEFAULT mode.
2022-01-28 22:42:12.458  INFO 685 --- [    Test worker] .s.d.r.c.RepositoryConfigurationDelegate : Finished Spring Data repository scanning in 86 ms. Found 2 JPA repository interfaces.
2022-01-28 22:42:13.413  INFO 685 --- [    Test worker] com.zaxxer.hikari.HikariDataSource       : HikariPool-1 - Starting...
2022-01-28 22:42:13.974  INFO 685 --- [    Test worker] com.zaxxer.hikari.HikariDataSource       : HikariPool-1 - Start completed.
2022-01-28 22:42:14.094  INFO 685 --- [    Test worker] o.hibernate.jpa.internal.util.LogHelper  : HHH000204: Processing PersistenceUnitInfo [name: default]
2022-01-28 22:42:14.209  INFO 685 --- [    Test worker] org.hibernate.Version                    : HHH000412: Hibernate ORM core version 5.6.3.Final
2022-01-28 22:42:14.696  INFO 685 --- [    Test worker] o.hibernate.annotations.common.Version   : HCANN000001: Hibernate Commons Annotations {5.1.2.Final}
2022-01-28 22:42:15.236  INFO 685 --- [    Test worker] org.hibernate.dialect.Dialect            : HHH000400: Using dialect: org.hibernate.dialect.H2Dialect
2022-01-28 22:42:22.266  INFO 685 --- [    Test worker] o.h.e.t.j.p.i.JtaPlatformInitiator       : HHH000490: Using JtaPlatform implementation: [org.hibernate.engine.transaction.jta.platform.internal.NoJtaPlatform]
2022-01-28 22:42:22.368  INFO 685 --- [    Test worker] j.LocalContainerEntityManagerFactoryBean : Initialized JPA EntityManagerFactory for persistence unit 'default'
2022-01-28 22:42:25.082  WARN 685 --- [    Test worker] JpaBaseConfiguration$JpaWebConfiguration : spring.jpa.open-in-view is enabled by default. Therefore, database queries may be performed during view rendering. Explicitly configure spring.jpa.open-in-view to disable this warning
2022-01-28 22:42:25.930  INFO 685 --- [    Test worker] o.s.b.a.h2.H2ConsoleAutoConfiguration    : H2 console available at '/h2-console'. Database available at 'jdbc:h2:mem:d11e2f93-d1be-42f3-9853-61d74682e6a5'
2022-01-28 22:42:27.811  INFO 685 --- [    Test worker] com.tourguide.attraction.ModelTest       : Started ModelTest in 17.374 seconds (JVM running for 24.861)
]]></system-out>
  <system-err><![CDATA[]]></system-err>
</testsuite>
